<html>
<head>
<title>TestNG:  Default test</title>
<link href="../testng.css" rel="stylesheet" type="text/css" />
<link href="../my-testng.css" rel="stylesheet" type="text/css" />

<style type="text/css">
.log { display: none;} 
.stack-trace { display: none;} 
</style>
<script type="text/javascript">
<!--
function flip(e) {
  current = e.style.display;
  if (current == 'block') {
    e.style.display = 'none';
    return 0;
  }
  else {
    e.style.display = 'block';
    return 1;
  }
}

function toggleBox(szDivId, elem, msg1, msg2)
{
  var res = -1;  if (document.getElementById) {
    res = flip(document.getElementById(szDivId));
  }
  else if (document.all) {
    // this is the way old msie versions work
    res = flip(document.all[szDivId]);
  }
  if(elem) {
    if(res == 0) elem.innerHTML = msg1; else elem.innerHTML = msg2;
  }

}

function toggleAllBoxes() {
  if (document.getElementsByTagName) {
    d = document.getElementsByTagName('div');
    for (i = 0; i < d.length; i++) {
      if (d[i].className == 'log') {
        flip(d[i]);
      }
    }
  }
}

// -->
</script>

</head>
<body>
<h2 align='center'>Default test</h2><table border='1' align="center">
<tr>
<td>Tests passed/Failed/Skipped:</td><td>3/9/0</td>
</tr><tr>
<td>Started on:</td><td>Thu Nov 20 00:34:28 IST 2025</td>
</tr>
<tr><td>Total time:</td><td>95 seconds (95337 ms)</td>
</tr><tr>
<td>Included groups:</td><td></td>
</tr><tr>
<td>Excluded groups:</td><td></td>
</tr>
</table><p/>
<small><i>(Hover the method name to see the test class name)</i></small><p/>
<table width='100%' border='1' class='invocation-failed'>
<tr><td colspan='4' align='center'><b>FAILED TESTS</b></td></tr>
<tr><td><b>Test method</b></td>
<td><b>Attribute(s)</b></td>
<td width="30%"><b>Exception</b></td>
<td width="10%"><b>Time (seconds)</b></td>
<td><b>Instance</b></td>
</tr>
<tr>
<td title='com.runner.TestRunnerParallelTest.runScenario()'><b>runScenario</b><br>Test class: com.runner.TestRunnerParallelTest<br>Test method: Runs Cucumber Scenarios<br>Parameters: "Login using data from Excel", "Login to application"</td>
<td><div><pre>org.openqa.selenium.NoSuchElementException: no such element: Unable to locate element: {&quot;method&quot;:&quot;css selector&quot;,&quot;selector&quot;:&quot;#btnsubmitsignUp&quot;}
  (Session info: chrome=142.0.7444.175)
For documentation on this error, please visit: https://www.selenium.dev/documentation/webdriver/troubleshooting/errors#no-such-element-exception
Build info: version: &apos;4.25.0&apos;, revision: &apos;8a8aea2337&apos;
System info: os.name: &apos;Windows 10&apos;, os.arch: &apos;amd64&apos;, os.version: &apos;10.0&apos;, java.version: &apos;17.0.10&apos;
Driver info: org.openqa.selenium.chrome.ChromeDriver
Command: [792d435219b8314b7aef306e80aad021, findElement {value=btnsubmitsignUp, using=id}]
Capabilities {acceptInsecureCerts: false, browserName: chrome, browserVersion: 142.0.7444.175, chrome: {chromedriverVersion: 142.0.7444.175 (302067f14a4..., userDataDir: C:\Users\shweta\AppData\Loc...}, fedcm:accounts: true, goog:chromeOptions: {debuggerAddress: localhost:50111}, goog:processID: 10828, networkConnectionEnabled: false, pageLoadStrategy: normal, platformName: windows, proxy: Proxy(), se:cdp: ws://localhost:50111/devtoo..., se:cdpVersion: 142.0.7444.175, setWindowRect: true, strictFileInteractability: false, timeouts: {implicit: 0, pageLoad: 300000, script: 30000}, unhandledPromptBehavior: dismiss and notify, webauthn:extension:credBlob: true, webauthn:extension:largeBlob: true, webauthn:extension:minPinLength: true, webauthn:extension:prf: true, webauthn:virtualAuthenticators: true}
Session ID: 792d435219b8314b7aef306e80aad021
	at java.base/jdk.internal.reflect.NativeConstructorAccessorImpl.newInstance0(Native Method)
	at java.base/jdk.internal.reflect.NativeConstructorAccessorImpl.newInstance(NativeConstructorAccessorImpl.java:77)
	at java.base/jdk.internal.reflect.DelegatingConstructorAccessorImpl.newInstance(DelegatingConstructorAccessorImpl.java:45)
	at java.base/java.lang.reflect.Constructor.newInstanceWithCaller(Constructor.java:499)
	at java.base/java.lang.reflect.Constructor.newInstance(Constructor.java:480)
	at org.openqa.selenium.remote.ErrorCodec.decode(ErrorCodec.java:167)
	at org.openqa.selenium.remote.codec.w3c.W3CHttpResponseCodec.decode(W3CHttpResponseCodec.java:138)
	at org.openqa.selenium.remote.codec.w3c.W3CHttpResponseCodec.decode(W3CHttpResponseCodec.java:50)
	at org.openqa.selenium.remote.HttpCommandExecutor.execute(HttpCommandExecutor.java:190)
	at org.openqa.selenium.remote.service.DriverCommandExecutor.invokeExecute(DriverCommandExecutor.java:216)
	at org.openqa.selenium.remote.service.DriverCommandExecutor.execute(DriverCommandExecutor.java:174)
	at org.openqa.selenium.remote.RemoteWebDriver.execute(RemoteWebDriver.java:545)
	at org.openqa.selenium.remote.ElementLocation$ElementFinder$2.findElement(ElementLocation.java:165)
	at org.openqa.selenium.remote.ElementLocation.findElement(ElementLocation.java:66)
	at org.openqa.selenium.remote.RemoteWebDriver.findElement(RemoteWebDriver.java:368)
	at org.openqa.selenium.remote.RemoteWebDriver.findElement(RemoteWebDriver.java:362)
	at com.stepDefinitionTestNG.Registration.click_on_submit_button(Registration.java:84)
	at ✽.click on submit button(file:///C:/Users/shweta/NewEclipseWorkSpace/CucumberFramework/src/test/resources/features/login.feature:7)
</pre></div><a href='#' onClick='toggleBox("stack-trace1799588531", this, "Click to show all stack frames", "Click to hide stack frames")'>Click to show all stack frames</a>
<div class='stack-trace' id='stack-trace1799588531'><pre>org.openqa.selenium.NoSuchElementException: no such element: Unable to locate element: {&quot;method&quot;:&quot;css selector&quot;,&quot;selector&quot;:&quot;#btnsubmitsignUp&quot;}
  (Session info: chrome=142.0.7444.175)
For documentation on this error, please visit: https://www.selenium.dev/documentation/webdriver/troubleshooting/errors#no-such-element-exception
Build info: version: &apos;4.25.0&apos;, revision: &apos;8a8aea2337&apos;
System info: os.name: &apos;Windows 10&apos;, os.arch: &apos;amd64&apos;, os.version: &apos;10.0&apos;, java.version: &apos;17.0.10&apos;
Driver info: org.openqa.selenium.chrome.ChromeDriver
Command: [792d435219b8314b7aef306e80aad021, findElement {value=btnsubmitsignUp, using=id}]
Capabilities {acceptInsecureCerts: false, browserName: chrome, browserVersion: 142.0.7444.175, chrome: {chromedriverVersion: 142.0.7444.175 (302067f14a4..., userDataDir: C:\Users\shweta\AppData\Loc...}, fedcm:accounts: true, goog:chromeOptions: {debuggerAddress: localhost:50111}, goog:processID: 10828, networkConnectionEnabled: false, pageLoadStrategy: normal, platformName: windows, proxy: Proxy(), se:cdp: ws://localhost:50111/devtoo..., se:cdpVersion: 142.0.7444.175, setWindowRect: true, strictFileInteractability: false, timeouts: {implicit: 0, pageLoad: 300000, script: 30000}, unhandledPromptBehavior: dismiss and notify, webauthn:extension:credBlob: true, webauthn:extension:largeBlob: true, webauthn:extension:minPinLength: true, webauthn:extension:prf: true, webauthn:virtualAuthenticators: true}
Session ID: 792d435219b8314b7aef306e80aad021
	at java.base/jdk.internal.reflect.NativeConstructorAccessorImpl.newInstance0(Native Method)
	at java.base/jdk.internal.reflect.NativeConstructorAccessorImpl.newInstance(NativeConstructorAccessorImpl.java:77)
	at java.base/jdk.internal.reflect.DelegatingConstructorAccessorImpl.newInstance(DelegatingConstructorAccessorImpl.java:45)
	at java.base/java.lang.reflect.Constructor.newInstanceWithCaller(Constructor.java:499)
	at java.base/java.lang.reflect.Constructor.newInstance(Constructor.java:480)
	at org.openqa.selenium.remote.ErrorCodec.decode(ErrorCodec.java:167)
	at org.openqa.selenium.remote.codec.w3c.W3CHttpResponseCodec.decode(W3CHttpResponseCodec.java:138)
	at org.openqa.selenium.remote.codec.w3c.W3CHttpResponseCodec.decode(W3CHttpResponseCodec.java:50)
	at org.openqa.selenium.remote.HttpCommandExecutor.execute(HttpCommandExecutor.java:190)
	at org.openqa.selenium.remote.service.DriverCommandExecutor.invokeExecute(DriverCommandExecutor.java:216)
	at org.openqa.selenium.remote.service.DriverCommandExecutor.execute(DriverCommandExecutor.java:174)
	at org.openqa.selenium.remote.RemoteWebDriver.execute(RemoteWebDriver.java:545)
	at org.openqa.selenium.remote.ElementLocation$ElementFinder$2.findElement(ElementLocation.java:165)
	at org.openqa.selenium.remote.ElementLocation.findElement(ElementLocation.java:66)
	at org.openqa.selenium.remote.RemoteWebDriver.findElement(RemoteWebDriver.java:368)
	at org.openqa.selenium.remote.RemoteWebDriver.findElement(RemoteWebDriver.java:362)
	at com.stepDefinitionTestNG.Registration.click_on_submit_button(Registration.java:84)
	at ✽.click on submit button(file:///C:/Users/shweta/NewEclipseWorkSpace/CucumberFramework/src/test/resources/features/login.feature:7)
</pre></div></td>
<td>79</td>
<td>com.runner.TestRunnerParallelTest@303cf2ba</td></tr>
<tr>
<td title='com.runner.TestRunnerParallelTest.runScenario()'><b>runScenario</b><br>Test class: com.runner.TestRunnerParallelTest<br>Test method: Runs Cucumber Scenarios<br>Parameters: "Verify when user enters all details then user should be registered successfully", "Verify user is able to register."</td>
<td><div><pre>org.openqa.selenium.StaleElementReferenceException: stale element reference: stale element not found in the current frame
  (Session info: chrome=142.0.7444.175)
For documentation on this error, please visit: https://www.selenium.dev/documentation/webdriver/troubleshooting/errors#stale-element-reference-exception
Build info: version: &apos;4.25.0&apos;, revision: &apos;8a8aea2337&apos;
System info: os.name: &apos;Windows 10&apos;, os.arch: &apos;amd64&apos;, os.version: &apos;10.0&apos;, java.version: &apos;17.0.10&apos;
Driver info: org.openqa.selenium.chrome.ChromeDriver
Command: [792d435219b8314b7aef306e80aad021, sendKeysToElement {value=[Ljava.lang.CharSequence;@1f7b903e, id=f.691A3FE91FCB7C33A62C28059123B82A.d.4DBCCE2906A835644C0B47310830741A.e.54}]
Capabilities {acceptInsecureCerts: false, browserName: chrome, browserVersion: 142.0.7444.175, chrome: {chromedriverVersion: 142.0.7444.175 (302067f14a4..., userDataDir: C:\Users\shweta\AppData\Loc...}, fedcm:accounts: true, goog:chromeOptions: {debuggerAddress: localhost:50111}, goog:processID: 10828, networkConnectionEnabled: false, pageLoadStrategy: normal, platformName: windows, proxy: Proxy(), se:cdp: ws://localhost:50111/devtoo..., se:cdpVersion: 142.0.7444.175, setWindowRect: true, strictFileInteractability: false, timeouts: {implicit: 0, pageLoad: 300000, script: 30000}, unhandledPromptBehavior: dismiss and notify, webauthn:extension:credBlob: true, webauthn:extension:largeBlob: true, webauthn:extension:minPinLength: true, webauthn:extension:prf: true, webauthn:virtualAuthenticators: true}
Element: [[ChromeDriver: chrome on windows (792d435219b8314b7aef306e80aad021)] -&gt; id: fullName]
Session ID: 792d435219b8314b7aef306e80aad021
	at java.base/jdk.internal.reflect.NativeConstructorAccessorImpl.newInstance0(Native Method)
	at java.base/jdk.internal.reflect.NativeConstructorAccessorImpl.newInstance(NativeConstructorAccessorImpl.java:77)
	at java.base/jdk.internal.reflect.DelegatingConstructorAccessorImpl.newInstance(DelegatingConstructorAccessorImpl.java:45)
	at java.base/java.lang.reflect.Constructor.newInstanceWithCaller(Constructor.java:499)
	at java.base/java.lang.reflect.Constructor.newInstance(Constructor.java:480)
	at org.openqa.selenium.remote.ErrorCodec.decode(ErrorCodec.java:167)
	at org.openqa.selenium.remote.codec.w3c.W3CHttpResponseCodec.decode(W3CHttpResponseCodec.java:138)
	at org.openqa.selenium.remote.codec.w3c.W3CHttpResponseCodec.decode(W3CHttpResponseCodec.java:50)
	at org.openqa.selenium.remote.HttpCommandExecutor.execute(HttpCommandExecutor.java:190)
	at org.openqa.selenium.remote.service.DriverCommandExecutor.invokeExecute(DriverCommandExecutor.java:216)
	at org.openqa.selenium.remote.service.DriverCommandExecutor.execute(DriverCommandExecutor.java:174)
	at org.openqa.selenium.remote.RemoteWebDriver.execute(RemoteWebDriver.java:545)
	at org.openqa.selenium.remote.RemoteWebElement.execute(RemoteWebElement.java:223)
	at org.openqa.selenium.remote.RemoteWebElement.sendKeys(RemoteWebElement.java:110)
	at com.stepDefinitionTestNG.Registration.user_enter_fullname(Registration.java:33)
	at ✽.user enter fullname &quot;AtulShrivastava&quot;(file:///C:/Users/shweta/NewEclipseWorkSpace/CucumberFramework/src/test/resources/features/registration.feature:9)
</pre></div><a href='#' onClick='toggleBox("stack-trace730277155", this, "Click to show all stack frames", "Click to hide stack frames")'>Click to show all stack frames</a>
<div class='stack-trace' id='stack-trace730277155'><pre>org.openqa.selenium.StaleElementReferenceException: stale element reference: stale element not found in the current frame
  (Session info: chrome=142.0.7444.175)
For documentation on this error, please visit: https://www.selenium.dev/documentation/webdriver/troubleshooting/errors#stale-element-reference-exception
Build info: version: &apos;4.25.0&apos;, revision: &apos;8a8aea2337&apos;
System info: os.name: &apos;Windows 10&apos;, os.arch: &apos;amd64&apos;, os.version: &apos;10.0&apos;, java.version: &apos;17.0.10&apos;
Driver info: org.openqa.selenium.chrome.ChromeDriver
Command: [792d435219b8314b7aef306e80aad021, sendKeysToElement {value=[Ljava.lang.CharSequence;@1f7b903e, id=f.691A3FE91FCB7C33A62C28059123B82A.d.4DBCCE2906A835644C0B47310830741A.e.54}]
Capabilities {acceptInsecureCerts: false, browserName: chrome, browserVersion: 142.0.7444.175, chrome: {chromedriverVersion: 142.0.7444.175 (302067f14a4..., userDataDir: C:\Users\shweta\AppData\Loc...}, fedcm:accounts: true, goog:chromeOptions: {debuggerAddress: localhost:50111}, goog:processID: 10828, networkConnectionEnabled: false, pageLoadStrategy: normal, platformName: windows, proxy: Proxy(), se:cdp: ws://localhost:50111/devtoo..., se:cdpVersion: 142.0.7444.175, setWindowRect: true, strictFileInteractability: false, timeouts: {implicit: 0, pageLoad: 300000, script: 30000}, unhandledPromptBehavior: dismiss and notify, webauthn:extension:credBlob: true, webauthn:extension:largeBlob: true, webauthn:extension:minPinLength: true, webauthn:extension:prf: true, webauthn:virtualAuthenticators: true}
Element: [[ChromeDriver: chrome on windows (792d435219b8314b7aef306e80aad021)] -&gt; id: fullName]
Session ID: 792d435219b8314b7aef306e80aad021
	at java.base/jdk.internal.reflect.NativeConstructorAccessorImpl.newInstance0(Native Method)
	at java.base/jdk.internal.reflect.NativeConstructorAccessorImpl.newInstance(NativeConstructorAccessorImpl.java:77)
	at java.base/jdk.internal.reflect.DelegatingConstructorAccessorImpl.newInstance(DelegatingConstructorAccessorImpl.java:45)
	at java.base/java.lang.reflect.Constructor.newInstanceWithCaller(Constructor.java:499)
	at java.base/java.lang.reflect.Constructor.newInstance(Constructor.java:480)
	at org.openqa.selenium.remote.ErrorCodec.decode(ErrorCodec.java:167)
	at org.openqa.selenium.remote.codec.w3c.W3CHttpResponseCodec.decode(W3CHttpResponseCodec.java:138)
	at org.openqa.selenium.remote.codec.w3c.W3CHttpResponseCodec.decode(W3CHttpResponseCodec.java:50)
	at org.openqa.selenium.remote.HttpCommandExecutor.execute(HttpCommandExecutor.java:190)
	at org.openqa.selenium.remote.service.DriverCommandExecutor.invokeExecute(DriverCommandExecutor.java:216)
	at org.openqa.selenium.remote.service.DriverCommandExecutor.execute(DriverCommandExecutor.java:174)
	at org.openqa.selenium.remote.RemoteWebDriver.execute(RemoteWebDriver.java:545)
	at org.openqa.selenium.remote.RemoteWebElement.execute(RemoteWebElement.java:223)
	at org.openqa.selenium.remote.RemoteWebElement.sendKeys(RemoteWebElement.java:110)
	at com.stepDefinitionTestNG.Registration.user_enter_fullname(Registration.java:33)
	at ✽.user enter fullname &quot;AtulShrivastava&quot;(file:///C:/Users/shweta/NewEclipseWorkSpace/CucumberFramework/src/test/resources/features/registration.feature:9)
</pre></div></td>
<td>80</td>
<td>com.runner.TestRunnerParallelTest@303cf2ba</td></tr>
<tr>
<td title='com.runner.TestRunnerParallelTest.runScenario()'><b>runScenario</b><br>Test class: com.runner.TestRunnerParallelTest<br>Test method: Runs Cucumber Scenarios<br>Parameters: "Verify if admin can login", "Verify login functionality for OrangeHRM application"</td>
<td><div><pre>java.lang.NullPointerException: Cannot invoke &quot;java.util.Properties.isEmpty()&quot; because &quot;com.Parameters.PropertyReader.prop&quot; is null
	at com.Parameters.PropertyReader.get(PropertyReader.java:21)
	at com.pages.BasePage.loadData(BasePage.java:34)
	at com.stepDefinitionTestNG.LoginSteps.fixture_is_loaded(LoginSteps.java:16)
	at ✽.fixture is loaded(file:///C:/Users/shweta/NewEclipseWorkSpace/CucumberFramework/src/test/resources/features/OrangeHRMLogin.feature:5)
</pre></div><a href='#' onClick='toggleBox("stack-trace2000207149", this, "Click to show all stack frames", "Click to hide stack frames")'>Click to show all stack frames</a>
<div class='stack-trace' id='stack-trace2000207149'><pre>java.lang.NullPointerException: Cannot invoke &quot;java.util.Properties.isEmpty()&quot; because &quot;com.Parameters.PropertyReader.prop&quot; is null
	at com.Parameters.PropertyReader.get(PropertyReader.java:21)
	at com.pages.BasePage.loadData(BasePage.java:34)
	at com.stepDefinitionTestNG.LoginSteps.fixture_is_loaded(LoginSteps.java:16)
	at ✽.fixture is loaded(file:///C:/Users/shweta/NewEclipseWorkSpace/CucumberFramework/src/test/resources/features/OrangeHRMLogin.feature:5)
</pre></div></td>
<td>0</td>
<td>com.runner.TestRunnerParallelTest@303cf2ba</td></tr>
<tr>
<td title='com.runner.TestRunnerParallelTest.runScenario()'><b>runScenario</b><br>Test class: com.runner.TestRunnerParallelTest<br>Test method: Runs Cucumber Scenarios<br>Parameters: "Login with multiple rows using Map", "Verify user is able to login."</td>
<td><div><pre>java.lang.NullPointerException: Cannot invoke &quot;org.openqa.selenium.WebDriver.findElement(org.openqa.selenium.By)&quot; because &quot;com.stepDefinitionTestNG.Registration.driver&quot; is null
	at com.stepDefinitionTestNG.Registration.click_on_submit_button(Registration.java:84)
	at ✽.click on submit button(file:///C:/Users/shweta/NewEclipseWorkSpace/CucumberFramework/src/test/resources/features/datatable.feature:27)
</pre></div><a href='#' onClick='toggleBox("stack-trace467391683", this, "Click to show all stack frames", "Click to hide stack frames")'>Click to show all stack frames</a>
<div class='stack-trace' id='stack-trace467391683'><pre>java.lang.NullPointerException: Cannot invoke &quot;org.openqa.selenium.WebDriver.findElement(org.openqa.selenium.By)&quot; because &quot;com.stepDefinitionTestNG.Registration.driver&quot; is null
	at com.stepDefinitionTestNG.Registration.click_on_submit_button(Registration.java:84)
	at ✽.click on submit button(file:///C:/Users/shweta/NewEclipseWorkSpace/CucumberFramework/src/test/resources/features/datatable.feature:27)
</pre></div></td>
<td>0</td>
<td>com.runner.TestRunnerParallelTest@303cf2ba</td></tr>
<tr>
<td title='com.runner.TestRunnerParallelTest.runScenario()'><b>runScenario</b><br>Test class: com.runner.TestRunnerParallelTest<br>Test method: Runs Cucumber Scenarios<br>Parameters: "Verify when user enters all details using datatable as List", "Verify user is able to login."</td>
<td><div><pre>org.openqa.selenium.StaleElementReferenceException: stale element reference: stale element not found in the current frame
  (Session info: chrome=142.0.7444.175)
For documentation on this error, please visit: https://www.selenium.dev/documentation/webdriver/troubleshooting/errors#stale-element-reference-exception
Build info: version: &apos;4.25.0&apos;, revision: &apos;8a8aea2337&apos;
System info: os.name: &apos;Windows 10&apos;, os.arch: &apos;amd64&apos;, os.version: &apos;10.0&apos;, java.version: &apos;17.0.10&apos;
Driver info: org.openqa.selenium.chrome.ChromeDriver
Command: [792d435219b8314b7aef306e80aad021, clickElement {id=f.691A3FE91FCB7C33A62C28059123B82A.d.4DBCCE2906A835644C0B47310830741A.e.52}]
Capabilities {acceptInsecureCerts: false, browserName: chrome, browserVersion: 142.0.7444.175, chrome: {chromedriverVersion: 142.0.7444.175 (302067f14a4..., userDataDir: C:\Users\shweta\AppData\Loc...}, fedcm:accounts: true, goog:chromeOptions: {debuggerAddress: localhost:50111}, goog:processID: 10828, networkConnectionEnabled: false, pageLoadStrategy: normal, platformName: windows, proxy: Proxy(), se:cdp: ws://localhost:50111/devtoo..., se:cdpVersion: 142.0.7444.175, setWindowRect: true, strictFileInteractability: false, timeouts: {implicit: 0, pageLoad: 300000, script: 30000}, unhandledPromptBehavior: dismiss and notify, webauthn:extension:credBlob: true, webauthn:extension:largeBlob: true, webauthn:extension:minPinLength: true, webauthn:extension:prf: true, webauthn:virtualAuthenticators: true}
Element: [[ChromeDriver: chrome on windows (792d435219b8314b7aef306e80aad021)] -&gt; id: btnsubmitsignUp]
Session ID: 792d435219b8314b7aef306e80aad021
	at java.base/jdk.internal.reflect.NativeConstructorAccessorImpl.newInstance0(Native Method)
	at java.base/jdk.internal.reflect.NativeConstructorAccessorImpl.newInstance(NativeConstructorAccessorImpl.java:77)
	at java.base/jdk.internal.reflect.DelegatingConstructorAccessorImpl.newInstance(DelegatingConstructorAccessorImpl.java:45)
	at java.base/java.lang.reflect.Constructor.newInstanceWithCaller(Constructor.java:499)
	at java.base/java.lang.reflect.Constructor.newInstance(Constructor.java:480)
	at org.openqa.selenium.remote.ErrorCodec.decode(ErrorCodec.java:167)
	at org.openqa.selenium.remote.codec.w3c.W3CHttpResponseCodec.decode(W3CHttpResponseCodec.java:138)
	at org.openqa.selenium.remote.codec.w3c.W3CHttpResponseCodec.decode(W3CHttpResponseCodec.java:50)
	at org.openqa.selenium.remote.HttpCommandExecutor.execute(HttpCommandExecutor.java:190)
	at org.openqa.selenium.remote.service.DriverCommandExecutor.invokeExecute(DriverCommandExecutor.java:216)
	at org.openqa.selenium.remote.service.DriverCommandExecutor.execute(DriverCommandExecutor.java:174)
	at org.openqa.selenium.remote.RemoteWebDriver.execute(RemoteWebDriver.java:545)
	at org.openqa.selenium.remote.RemoteWebElement.execute(RemoteWebElement.java:223)
	at org.openqa.selenium.remote.RemoteWebElement.click(RemoteWebElement.java:76)
	at com.stepDefinitionTestNG.Registration.click_on_submit_button(Registration.java:84)
	at ✽.click on submit button(file:///C:/Users/shweta/NewEclipseWorkSpace/CucumberFramework/src/test/resources/features/datatable.feature:9)
</pre></div><a href='#' onClick='toggleBox("stack-trace279463888", this, "Click to show all stack frames", "Click to hide stack frames")'>Click to show all stack frames</a>
<div class='stack-trace' id='stack-trace279463888'><pre>org.openqa.selenium.StaleElementReferenceException: stale element reference: stale element not found in the current frame
  (Session info: chrome=142.0.7444.175)
For documentation on this error, please visit: https://www.selenium.dev/documentation/webdriver/troubleshooting/errors#stale-element-reference-exception
Build info: version: &apos;4.25.0&apos;, revision: &apos;8a8aea2337&apos;
System info: os.name: &apos;Windows 10&apos;, os.arch: &apos;amd64&apos;, os.version: &apos;10.0&apos;, java.version: &apos;17.0.10&apos;
Driver info: org.openqa.selenium.chrome.ChromeDriver
Command: [792d435219b8314b7aef306e80aad021, clickElement {id=f.691A3FE91FCB7C33A62C28059123B82A.d.4DBCCE2906A835644C0B47310830741A.e.52}]
Capabilities {acceptInsecureCerts: false, browserName: chrome, browserVersion: 142.0.7444.175, chrome: {chromedriverVersion: 142.0.7444.175 (302067f14a4..., userDataDir: C:\Users\shweta\AppData\Loc...}, fedcm:accounts: true, goog:chromeOptions: {debuggerAddress: localhost:50111}, goog:processID: 10828, networkConnectionEnabled: false, pageLoadStrategy: normal, platformName: windows, proxy: Proxy(), se:cdp: ws://localhost:50111/devtoo..., se:cdpVersion: 142.0.7444.175, setWindowRect: true, strictFileInteractability: false, timeouts: {implicit: 0, pageLoad: 300000, script: 30000}, unhandledPromptBehavior: dismiss and notify, webauthn:extension:credBlob: true, webauthn:extension:largeBlob: true, webauthn:extension:minPinLength: true, webauthn:extension:prf: true, webauthn:virtualAuthenticators: true}
Element: [[ChromeDriver: chrome on windows (792d435219b8314b7aef306e80aad021)] -&gt; id: btnsubmitsignUp]
Session ID: 792d435219b8314b7aef306e80aad021
	at java.base/jdk.internal.reflect.NativeConstructorAccessorImpl.newInstance0(Native Method)
	at java.base/jdk.internal.reflect.NativeConstructorAccessorImpl.newInstance(NativeConstructorAccessorImpl.java:77)
	at java.base/jdk.internal.reflect.DelegatingConstructorAccessorImpl.newInstance(DelegatingConstructorAccessorImpl.java:45)
	at java.base/java.lang.reflect.Constructor.newInstanceWithCaller(Constructor.java:499)
	at java.base/java.lang.reflect.Constructor.newInstance(Constructor.java:480)
	at org.openqa.selenium.remote.ErrorCodec.decode(ErrorCodec.java:167)
	at org.openqa.selenium.remote.codec.w3c.W3CHttpResponseCodec.decode(W3CHttpResponseCodec.java:138)
	at org.openqa.selenium.remote.codec.w3c.W3CHttpResponseCodec.decode(W3CHttpResponseCodec.java:50)
	at org.openqa.selenium.remote.HttpCommandExecutor.execute(HttpCommandExecutor.java:190)
	at org.openqa.selenium.remote.service.DriverCommandExecutor.invokeExecute(DriverCommandExecutor.java:216)
	at org.openqa.selenium.remote.service.DriverCommandExecutor.execute(DriverCommandExecutor.java:174)
	at org.openqa.selenium.remote.RemoteWebDriver.execute(RemoteWebDriver.java:545)
	at org.openqa.selenium.remote.RemoteWebElement.execute(RemoteWebElement.java:223)
	at org.openqa.selenium.remote.RemoteWebElement.click(RemoteWebElement.java:76)
	at com.stepDefinitionTestNG.Registration.click_on_submit_button(Registration.java:84)
	at ✽.click on submit button(file:///C:/Users/shweta/NewEclipseWorkSpace/CucumberFramework/src/test/resources/features/datatable.feature:9)
</pre></div></td>
<td>80</td>
<td>com.runner.TestRunnerParallelTest@303cf2ba</td></tr>
<tr>
<td title='com.runner.TestRunnerParallelTest.runScenario()'><b>runScenario</b><br>Test class: com.runner.TestRunnerParallelTest<br>Test method: Runs Cucumber Scenarios<br>Parameters: "Verify if admin can add ESS user", "To verify is admin can add user in the application"</td>
<td><div><pre>java.lang.NullPointerException: Cannot invoke &quot;java.util.Properties.isEmpty()&quot; because &quot;com.Parameters.PropertyReader.prop&quot; is null
	at com.Parameters.PropertyReader.get(PropertyReader.java:21)
	at com.pages.BasePage.loadData(BasePage.java:34)
	at com.stepDefinitionTestNG.LoginSteps.fixture_is_loaded(LoginSteps.java:16)
	at ✽.fixture is loaded(file:///C:/Users/shweta/NewEclipseWorkSpace/CucumberFramework/src/test/resources/features/AddUser.feature:5)
</pre></div><a href='#' onClick='toggleBox("stack-trace377493705", this, "Click to show all stack frames", "Click to hide stack frames")'>Click to show all stack frames</a>
<div class='stack-trace' id='stack-trace377493705'><pre>java.lang.NullPointerException: Cannot invoke &quot;java.util.Properties.isEmpty()&quot; because &quot;com.Parameters.PropertyReader.prop&quot; is null
	at com.Parameters.PropertyReader.get(PropertyReader.java:21)
	at com.pages.BasePage.loadData(BasePage.java:34)
	at com.stepDefinitionTestNG.LoginSteps.fixture_is_loaded(LoginSteps.java:16)
	at ✽.fixture is loaded(file:///C:/Users/shweta/NewEclipseWorkSpace/CucumberFramework/src/test/resources/features/AddUser.feature:5)
</pre></div></td>
<td>0</td>
<td>com.runner.TestRunnerParallelTest@303cf2ba</td></tr>
<tr>
<td title='com.runner.TestRunnerParallelTest.runScenario()'><b>runScenario</b><br>Test class: com.runner.TestRunnerParallelTest<br>Test method: Runs Cucumber Scenarios<br>Parameters: "Verify user should be able to login with multiple credential", "Verify user is able to register."</td>
<td><div><pre>org.openqa.selenium.UnhandledAlertException: unexpected alert open: {Alert text : Failed! please enter username}
  (Session info: chrome=142.0.7444.175): Failed! please enter username
Build info: version: &apos;4.25.0&apos;, revision: &apos;8a8aea2337&apos;
System info: os.name: &apos;Windows 10&apos;, os.arch: &apos;amd64&apos;, os.version: &apos;10.0&apos;, java.version: &apos;17.0.10&apos;
Driver info: org.openqa.selenium.chrome.ChromeDriver
Command: [792d435219b8314b7aef306e80aad021, clickElement {id=f.691A3FE91FCB7C33A62C28059123B82A.d.4DBCCE2906A835644C0B47310830741A.e.107}]
Capabilities {acceptInsecureCerts: false, browserName: chrome, browserVersion: 142.0.7444.175, chrome: {chromedriverVersion: 142.0.7444.175 (302067f14a4..., userDataDir: C:\Users\shweta\AppData\Loc...}, fedcm:accounts: true, goog:chromeOptions: {debuggerAddress: localhost:50111}, goog:processID: 10828, networkConnectionEnabled: false, pageLoadStrategy: normal, platformName: windows, proxy: Proxy(), se:cdp: ws://localhost:50111/devtoo..., se:cdpVersion: 142.0.7444.175, setWindowRect: true, strictFileInteractability: false, timeouts: {implicit: 0, pageLoad: 300000, script: 30000}, unhandledPromptBehavior: dismiss and notify, webauthn:extension:credBlob: true, webauthn:extension:largeBlob: true, webauthn:extension:minPinLength: true, webauthn:extension:prf: true, webauthn:virtualAuthenticators: true}
Element: [[ChromeDriver: chrome on windows (792d435219b8314b7aef306e80aad021)] -&gt; id: btnsubmitdetails]
Session ID: 792d435219b8314b7aef306e80aad021
	at org.openqa.selenium.remote.codec.w3c.W3CHttpResponseCodec.decode(W3CHttpResponseCodec.java:136)
	at org.openqa.selenium.remote.codec.w3c.W3CHttpResponseCodec.decode(W3CHttpResponseCodec.java:50)
	at org.openqa.selenium.remote.HttpCommandExecutor.execute(HttpCommandExecutor.java:190)
	at org.openqa.selenium.remote.service.DriverCommandExecutor.invokeExecute(DriverCommandExecutor.java:216)
	at org.openqa.selenium.remote.service.DriverCommandExecutor.execute(DriverCommandExecutor.java:174)
	at org.openqa.selenium.remote.RemoteWebDriver.execute(RemoteWebDriver.java:545)
	at org.openqa.selenium.remote.RemoteWebElement.execute(RemoteWebElement.java:223)
	at org.openqa.selenium.remote.RemoteWebElement.click(RemoteWebElement.java:76)
	at com.stepDefinitionTestNG.Registration.click_on_login_button(Registration.java:109)
	at ✽.click on login button(file:///C:/Users/shweta/NewEclipseWorkSpace/CucumberFramework/src/test/resources/features/registration.feature:26)
</pre></div><a href='#' onClick='toggleBox("stack-trace1309671482", this, "Click to show all stack frames", "Click to hide stack frames")'>Click to show all stack frames</a>
<div class='stack-trace' id='stack-trace1309671482'><pre>org.openqa.selenium.UnhandledAlertException: unexpected alert open: {Alert text : Failed! please enter username}
  (Session info: chrome=142.0.7444.175): Failed! please enter username
Build info: version: &apos;4.25.0&apos;, revision: &apos;8a8aea2337&apos;
System info: os.name: &apos;Windows 10&apos;, os.arch: &apos;amd64&apos;, os.version: &apos;10.0&apos;, java.version: &apos;17.0.10&apos;
Driver info: org.openqa.selenium.chrome.ChromeDriver
Command: [792d435219b8314b7aef306e80aad021, clickElement {id=f.691A3FE91FCB7C33A62C28059123B82A.d.4DBCCE2906A835644C0B47310830741A.e.107}]
Capabilities {acceptInsecureCerts: false, browserName: chrome, browserVersion: 142.0.7444.175, chrome: {chromedriverVersion: 142.0.7444.175 (302067f14a4..., userDataDir: C:\Users\shweta\AppData\Loc...}, fedcm:accounts: true, goog:chromeOptions: {debuggerAddress: localhost:50111}, goog:processID: 10828, networkConnectionEnabled: false, pageLoadStrategy: normal, platformName: windows, proxy: Proxy(), se:cdp: ws://localhost:50111/devtoo..., se:cdpVersion: 142.0.7444.175, setWindowRect: true, strictFileInteractability: false, timeouts: {implicit: 0, pageLoad: 300000, script: 30000}, unhandledPromptBehavior: dismiss and notify, webauthn:extension:credBlob: true, webauthn:extension:largeBlob: true, webauthn:extension:minPinLength: true, webauthn:extension:prf: true, webauthn:virtualAuthenticators: true}
Element: [[ChromeDriver: chrome on windows (792d435219b8314b7aef306e80aad021)] -&gt; id: btnsubmitdetails]
Session ID: 792d435219b8314b7aef306e80aad021
	at org.openqa.selenium.remote.codec.w3c.W3CHttpResponseCodec.decode(W3CHttpResponseCodec.java:136)
	at org.openqa.selenium.remote.codec.w3c.W3CHttpResponseCodec.decode(W3CHttpResponseCodec.java:50)
	at org.openqa.selenium.remote.HttpCommandExecutor.execute(HttpCommandExecutor.java:190)
	at org.openqa.selenium.remote.service.DriverCommandExecutor.invokeExecute(DriverCommandExecutor.java:216)
	at org.openqa.selenium.remote.service.DriverCommandExecutor.execute(DriverCommandExecutor.java:174)
	at org.openqa.selenium.remote.RemoteWebDriver.execute(RemoteWebDriver.java:545)
	at org.openqa.selenium.remote.RemoteWebElement.execute(RemoteWebElement.java:223)
	at org.openqa.selenium.remote.RemoteWebElement.click(RemoteWebElement.java:76)
	at com.stepDefinitionTestNG.Registration.click_on_login_button(Registration.java:109)
	at ✽.click on login button(file:///C:/Users/shweta/NewEclipseWorkSpace/CucumberFramework/src/test/resources/features/registration.feature:26)
</pre></div></td>
<td>80</td>
<td>com.runner.TestRunnerParallelTest@303cf2ba</td></tr>
<tr>
<td title='com.runner.TestRunnerParallelTest.runScenario()'><b>runScenario</b><br>Test class: com.runner.TestRunnerParallelTest<br>Test method: Runs Cucumber Scenarios<br>Parameters: "Verify if admin can add ESS user", "Verify login functionality for OrangeHRM application"</td>
<td><div><pre>java.lang.NullPointerException: Cannot invoke &quot;java.util.Properties.isEmpty()&quot; because &quot;com.Parameters.PropertyReader.prop&quot; is null
	at com.Parameters.PropertyReader.get(PropertyReader.java:21)
	at com.pages.BasePage.loadData(BasePage.java:34)
	at com.stepDefinitionTestNG.LoginSteps.fixture_is_loaded(LoginSteps.java:16)
	at ✽.fixture is loaded(file:///C:/Users/shweta/NewEclipseWorkSpace/CucumberFramework/src/test/resources/features/OrangeHRMLogin.feature:5)
</pre></div><a href='#' onClick='toggleBox("stack-trace536264683", this, "Click to show all stack frames", "Click to hide stack frames")'>Click to show all stack frames</a>
<div class='stack-trace' id='stack-trace536264683'><pre>java.lang.NullPointerException: Cannot invoke &quot;java.util.Properties.isEmpty()&quot; because &quot;com.Parameters.PropertyReader.prop&quot; is null
	at com.Parameters.PropertyReader.get(PropertyReader.java:21)
	at com.pages.BasePage.loadData(BasePage.java:34)
	at com.stepDefinitionTestNG.LoginSteps.fixture_is_loaded(LoginSteps.java:16)
	at ✽.fixture is loaded(file:///C:/Users/shweta/NewEclipseWorkSpace/CucumberFramework/src/test/resources/features/OrangeHRMLogin.feature:5)
</pre></div></td>
<td>0</td>
<td>com.runner.TestRunnerParallelTest@303cf2ba</td></tr>
<tr>
<td title='com.runner.TestRunnerParallelTest.runScenario()'><b>runScenario</b><br>Test class: com.runner.TestRunnerParallelTest<br>Test method: Runs Cucumber Scenarios<br>Parameters: "Verify user should be able to login with multiple credential", "Verify user is able to register."</td>
<td><div><pre>org.openqa.selenium.NoAlertPresentException: no such alert
  (Session info: chrome=142.0.7444.175)
Build info: version: &apos;4.25.0&apos;, revision: &apos;8a8aea2337&apos;
System info: os.name: &apos;Windows 10&apos;, os.arch: &apos;amd64&apos;, os.version: &apos;10.0&apos;, java.version: &apos;17.0.10&apos;
Driver info: org.openqa.selenium.chrome.ChromeDriver
Command: [792d435219b8314b7aef306e80aad021, getAlertText {}]
Capabilities {acceptInsecureCerts: false, browserName: chrome, browserVersion: 142.0.7444.175, chrome: {chromedriverVersion: 142.0.7444.175 (302067f14a4..., userDataDir: C:\Users\shweta\AppData\Loc...}, fedcm:accounts: true, goog:chromeOptions: {debuggerAddress: localhost:50111}, goog:processID: 10828, networkConnectionEnabled: false, pageLoadStrategy: normal, platformName: windows, proxy: Proxy(), se:cdp: ws://localhost:50111/devtoo..., se:cdpVersion: 142.0.7444.175, setWindowRect: true, strictFileInteractability: false, timeouts: {implicit: 0, pageLoad: 300000, script: 30000}, unhandledPromptBehavior: dismiss and notify, webauthn:extension:credBlob: true, webauthn:extension:largeBlob: true, webauthn:extension:minPinLength: true, webauthn:extension:prf: true, webauthn:virtualAuthenticators: true}
Session ID: 792d435219b8314b7aef306e80aad021
	at java.base/jdk.internal.reflect.NativeConstructorAccessorImpl.newInstance0(Native Method)
	at java.base/jdk.internal.reflect.NativeConstructorAccessorImpl.newInstance(NativeConstructorAccessorImpl.java:77)
	at java.base/jdk.internal.reflect.DelegatingConstructorAccessorImpl.newInstance(DelegatingConstructorAccessorImpl.java:45)
	at java.base/java.lang.reflect.Constructor.newInstanceWithCaller(Constructor.java:499)
	at java.base/java.lang.reflect.Constructor.newInstance(Constructor.java:480)
	at org.openqa.selenium.remote.ErrorCodec.decode(ErrorCodec.java:167)
	at org.openqa.selenium.remote.codec.w3c.W3CHttpResponseCodec.decode(W3CHttpResponseCodec.java:138)
	at org.openqa.selenium.remote.codec.w3c.W3CHttpResponseCodec.decode(W3CHttpResponseCodec.java:50)
	at org.openqa.selenium.remote.HttpCommandExecutor.execute(HttpCommandExecutor.java:190)
	at org.openqa.selenium.remote.service.DriverCommandExecutor.invokeExecute(DriverCommandExecutor.java:216)
	at org.openqa.selenium.remote.service.DriverCommandExecutor.execute(DriverCommandExecutor.java:174)
	at org.openqa.selenium.remote.RemoteWebDriver.execute(RemoteWebDriver.java:545)
	at org.openqa.selenium.remote.RemoteWebDriver.execute(RemoteWebDriver.java:618)
	at org.openqa.selenium.remote.RemoteWebDriver.execute(RemoteWebDriver.java:622)
	at org.openqa.selenium.remote.RemoteWebDriver$RemoteTargetLocator.alert(RemoteWebDriver.java:1190)
	at com.stepDefinitionTestNG.Registration.is_displayed(Registration.java:94)
	at ✽.&quot;Success&quot; is displayed(file:///C:/Users/shweta/NewEclipseWorkSpace/CucumberFramework/src/test/resources/features/registration.feature:27)
</pre></div><a href='#' onClick='toggleBox("stack-trace1489590726", this, "Click to show all stack frames", "Click to hide stack frames")'>Click to show all stack frames</a>
<div class='stack-trace' id='stack-trace1489590726'><pre>org.openqa.selenium.NoAlertPresentException: no such alert
  (Session info: chrome=142.0.7444.175)
Build info: version: &apos;4.25.0&apos;, revision: &apos;8a8aea2337&apos;
System info: os.name: &apos;Windows 10&apos;, os.arch: &apos;amd64&apos;, os.version: &apos;10.0&apos;, java.version: &apos;17.0.10&apos;
Driver info: org.openqa.selenium.chrome.ChromeDriver
Command: [792d435219b8314b7aef306e80aad021, getAlertText {}]
Capabilities {acceptInsecureCerts: false, browserName: chrome, browserVersion: 142.0.7444.175, chrome: {chromedriverVersion: 142.0.7444.175 (302067f14a4..., userDataDir: C:\Users\shweta\AppData\Loc...}, fedcm:accounts: true, goog:chromeOptions: {debuggerAddress: localhost:50111}, goog:processID: 10828, networkConnectionEnabled: false, pageLoadStrategy: normal, platformName: windows, proxy: Proxy(), se:cdp: ws://localhost:50111/devtoo..., se:cdpVersion: 142.0.7444.175, setWindowRect: true, strictFileInteractability: false, timeouts: {implicit: 0, pageLoad: 300000, script: 30000}, unhandledPromptBehavior: dismiss and notify, webauthn:extension:credBlob: true, webauthn:extension:largeBlob: true, webauthn:extension:minPinLength: true, webauthn:extension:prf: true, webauthn:virtualAuthenticators: true}
Session ID: 792d435219b8314b7aef306e80aad021
	at java.base/jdk.internal.reflect.NativeConstructorAccessorImpl.newInstance0(Native Method)
	at java.base/jdk.internal.reflect.NativeConstructorAccessorImpl.newInstance(NativeConstructorAccessorImpl.java:77)
	at java.base/jdk.internal.reflect.DelegatingConstructorAccessorImpl.newInstance(DelegatingConstructorAccessorImpl.java:45)
	at java.base/java.lang.reflect.Constructor.newInstanceWithCaller(Constructor.java:499)
	at java.base/java.lang.reflect.Constructor.newInstance(Constructor.java:480)
	at org.openqa.selenium.remote.ErrorCodec.decode(ErrorCodec.java:167)
	at org.openqa.selenium.remote.codec.w3c.W3CHttpResponseCodec.decode(W3CHttpResponseCodec.java:138)
	at org.openqa.selenium.remote.codec.w3c.W3CHttpResponseCodec.decode(W3CHttpResponseCodec.java:50)
	at org.openqa.selenium.remote.HttpCommandExecutor.execute(HttpCommandExecutor.java:190)
	at org.openqa.selenium.remote.service.DriverCommandExecutor.invokeExecute(DriverCommandExecutor.java:216)
	at org.openqa.selenium.remote.service.DriverCommandExecutor.execute(DriverCommandExecutor.java:174)
	at org.openqa.selenium.remote.RemoteWebDriver.execute(RemoteWebDriver.java:545)
	at org.openqa.selenium.remote.RemoteWebDriver.execute(RemoteWebDriver.java:618)
	at org.openqa.selenium.remote.RemoteWebDriver.execute(RemoteWebDriver.java:622)
	at org.openqa.selenium.remote.RemoteWebDriver$RemoteTargetLocator.alert(RemoteWebDriver.java:1190)
	at com.stepDefinitionTestNG.Registration.is_displayed(Registration.java:94)
	at ✽.&quot;Success&quot; is displayed(file:///C:/Users/shweta/NewEclipseWorkSpace/CucumberFramework/src/test/resources/features/registration.feature:27)
</pre></div></td>
<td>80</td>
<td>com.runner.TestRunnerParallelTest@303cf2ba</td></tr>
</table><p>
<table width='100%' border='1' class='invocation-passed'>
<tr><td colspan='4' align='center'><b>PASSED TESTS</b></td></tr>
<tr><td><b>Test method</b></td>
<td><b>Attribute(s)</b></td>
<td width="30%"><b>Exception</b></td>
<td width="10%"><b>Time (seconds)</b></td>
<td><b>Instance</b></td>
</tr>
<tr>
<td title='com.runner.TestRunnerParallelTest.runScenario()'><b>runScenario</b><br>Test class: com.runner.TestRunnerParallelTest<br>Test method: Runs Cucumber Scenarios<br>Parameters: "Register user with POJO", "Verify user is able to login."</td>
<td></td>
<td>0</td>
<td>com.runner.TestRunnerParallelTest@303cf2ba</td></tr>
<tr>
<td title='com.runner.TestRunnerParallelTest.runScenario()'><b>runScenario</b><br>Test class: com.runner.TestRunnerParallelTest<br>Test method: Runs Cucumber Scenarios<br>Parameters: "Login with multiple rows", "Verify user is able to login."</td>
<td></td>
<td>94</td>
<td>com.runner.TestRunnerParallelTest@303cf2ba</td></tr>
<tr>
<td title='com.runner.TestRunnerParallelTest.runScenario()'><b>runScenario</b><br>Test class: com.runner.TestRunnerParallelTest<br>Test method: Runs Cucumber Scenarios<br>Parameters: "Register multiple users", "Verify user is able to login."</td>
<td></td>
<td>0</td>
<td>com.runner.TestRunnerParallelTest@303cf2ba</td></tr>
</table><p>
</body>
</html>