<?xml version="1.0" encoding="UTF-8"?>
<testng-results ignored="0" total="1" passed="1" failed="0" skipped="0">
  <reporter-output>
  </reporter-output>
  <suite started-at="2025-11-20T14:06:23 IST" name="Cucumber Suite" finished-at="2025-11-20T14:07:32 IST" duration-ms="68693">
    <groups>
      <group name="cucumber">
        <method signature="AbstractTestNGCucumberTests.runScenario(io.cucumber.testng.PickleWrapper,io.cucumber.testng.FeatureWrapper)[pri:0, instance:com.runner.TestRunnerTestNG@173ed316]" name="runScenario" class="io.cucumber.testng.AbstractTestNGCucumberTests"/>
      </group> <!-- cucumber -->
    </groups>
    <test started-at="2025-11-20T14:06:23 IST" name="Cucumber Test" finished-at="2025-11-20T14:07:32 IST" duration-ms="68693">
      <class name="com.runner.TestRunnerTestNG">
        <test-method is-config="true" signature="setUpClass(org.testng.ITestContext)[pri:0, instance:com.runner.TestRunnerTestNG@173ed316]" started-at="2025-11-20T14:06:23 IST" name="setUpClass" finished-at="2025-11-20T14:06:26 IST" duration-ms="2509" status="PASS">
          <params>
            <param index="0">
              <value>
                <![CDATA[org.testng.TestRunner@1c33e528]]>
              </value>
            </param>
          </params>
          <reporter-output>
          </reporter-output>
        </test-method> <!-- setUpClass -->
        <test-method signature="runScenario(io.cucumber.testng.PickleWrapper,io.cucumber.testng.FeatureWrapper)[pri:0, instance:com.runner.TestRunnerTestNG@173ed316]" started-at="2025-11-20T14:06:26 IST" name="runScenario" description="Runs Cucumber Scenarios" data-provider="scenarios" finished-at="2025-11-20T14:07:32 IST" duration-ms="65913" status="PASS">
          <params>
            <param index="0">
              <value>
                <![CDATA["Verify if admin can login"]]>
              </value>
            </param>
            <param index="1">
              <value>
                <![CDATA["Verify login functionality for OrangeHRM application"]]>
              </value>
            </param>
          </params>
          <reporter-output>
          </reporter-output>
        </test-method> <!-- runScenario -->
        <test-method is-config="true" signature="tearDownClass()[pri:0, instance:com.runner.TestRunnerTestNG@173ed316]" started-at="2025-11-20T14:07:32 IST" name="tearDownClass" finished-at="2025-11-20T14:07:32 IST" duration-ms="173" status="PASS">
          <reporter-output>
          </reporter-output>
        </test-method> <!-- tearDownClass -->
      </class> <!-- com.runner.TestRunnerTestNG -->
    </test> <!-- Cucumber Test -->
  </suite> <!-- Cucumber Suite -->
</testng-results>
