<?xml version="1.0" encoding="UTF-8"?>
<testng-results ignored="0" total="1" passed="1" failed="0" skipped="0">
  <reporter-output>
  </reporter-output>
  <suite started-at="2025-11-20T12:15:10 IST" name="Cucumber Suite" finished-at="2025-11-20T12:15:34 IST" duration-ms="23484">
    <groups>
      <group name="cucumber">
        <method signature="AbstractTestNGCucumberTests.runScenario(io.cucumber.testng.PickleWrapper,io.cucumber.testng.FeatureWrapper)[pri:0, instance:com.runner.TestRunnerTestNG@303cf2ba]" name="runScenario" class="io.cucumber.testng.AbstractTestNGCucumberTests"/>
      </group> <!-- cucumber -->
    </groups>
    <test started-at="2025-11-20T12:15:10 IST" name="Cucumber Test" finished-at="2025-11-20T12:15:34 IST" duration-ms="23484">
      <class name="com.runner.TestRunnerTestNG">
        <test-method is-config="true" signature="setUpClass(org.testng.ITestContext)[pri:0, instance:com.runner.TestRunnerTestNG@303cf2ba]" started-at="2025-11-20T12:15:10 IST" name="setUpClass" finished-at="2025-11-20T12:15:12 IST" duration-ms="1459" status="PASS">
          <params>
            <param index="0">
              <value>
                <![CDATA[org.testng.TestRunner@36790bec]]>
              </value>
            </param>
          </params>
          <reporter-output>
          </reporter-output>
        </test-method> <!-- setUpClass -->
        <test-method signature="runScenario(io.cucumber.testng.PickleWrapper,io.cucumber.testng.FeatureWrapper)[pri:0, instance:com.runner.TestRunnerTestNG@303cf2ba]" started-at="2025-11-20T12:15:12 IST" name="runScenario" description="Runs Cucumber Scenarios" data-provider="scenarios" finished-at="2025-11-20T12:15:34 IST" duration-ms="21835" status="PASS">
          <params>
            <param index="0">
              <value>
                <![CDATA["Verify if admin can login"]]>
              </value>
            </param>
            <param index="1">
              <value>
                <![CDATA["Verify login functionality for OrangeHRM application"]]>
              </value>
            </param>
          </params>
          <reporter-output>
          </reporter-output>
        </test-method> <!-- runScenario -->
        <test-method is-config="true" signature="tearDownClass()[pri:0, instance:com.runner.TestRunnerTestNG@303cf2ba]" started-at="2025-11-20T12:15:34 IST" name="tearDownClass" finished-at="2025-11-20T12:15:34 IST" duration-ms="63" status="PASS">
          <reporter-output>
          </reporter-output>
        </test-method> <!-- tearDownClass -->
      </class> <!-- com.runner.TestRunnerTestNG -->
    </test> <!-- Cucumber Test -->
  </suite> <!-- Cucumber Suite -->
</testng-results>
